date: 2017-07-09T04:20:19+05:00
git: d1ad873
pypy3: [PyPy 5.8.0-beta0 with GCC 7.1.1 20170528]

% time ./mysql-dtd-to-gtfs.py --debug --dst-gtfs-schema -d gtfs_py_full
2017-07-09 04:00:26 :: dtd2gtfs DEBUG :: Initializing gtfs database (name=gtfs_py_full, memory-engine=False) tables...
2017-07-09 04:00:31 :: dtd2gtfs DEBUG :: Populating gtfs.stops table...
2017-07-09 04:00:32 :: dtd2gtfs DEBUG :: Populating gtfs.transfers table...
2017-07-09 04:00:33 :: dtd2gtfs DEBUG :: Fetching cif.schedule entries (test-train-limit=None)...
2017-07-09 04:01:33 :: dtd2gtfs DEBUG :: Processing 244973 cif.schedule entries...
2017-07-09 04:01:35 :: dtd2gtfs DEBUG :: [schedules] Step  0 / 30 02.545,396s: trips=0
2017-07-09 04:02:18 :: dtd2gtfs DEBUG :: [schedules] Step  1 / 30 45.1,295s: trips=5,670
2017-07-09 04:02:54 :: dtd2gtfs DEBUG :: [schedules] Step  2 / 30 81.1,129s: trips=11,409
2017-07-09 04:03:28 :: dtd2gtfs DEBUG :: [schedules] Step  3 / 30 114.1,030s: trips=18,210
2017-07-09 04:03:54 :: dtd2gtfs DEBUG :: [schedules] Step  4 / 30 141.915s: trips=22,604
2017-07-09 04:04:28 :: dtd2gtfs DEBUG :: [schedules] Step  5 / 30 175.874s: trips=27,648
2017-07-09 04:05:19 :: dtd2gtfs DEBUG :: [schedules] Step  6 / 30 226.905s: trips=33,733
2017-07-09 04:05:59 :: dtd2gtfs DEBUG :: [schedules] Step  7 / 30 266.875s: trips=40,003
2017-07-09 04:06:32 :: dtd2gtfs DEBUG :: [schedules] Step  8 / 30 299.823s: trips=46,625
2017-07-09 04:07:03 :: dtd2gtfs DEBUG :: [schedules] Step  9 / 30 330.770s: trips=54,337
2017-07-09 04:07:43 :: dtd2gtfs DEBUG :: [schedules] Step 10 / 30 370.739s: trips=60,785
2017-07-09 04:08:26 :: dtd2gtfs DEBUG :: [schedules] Step 11 / 30 413.714s: trips=67,472
2017-07-09 04:09:08 :: dtd2gtfs DEBUG :: [schedules] Step 12 / 30 454.682s: trips=74,414
2017-07-09 04:09:38 :: dtd2gtfs DEBUG :: [schedules] Step 13 / 30 485.634s: trips=80,380
2017-07-09 04:10:10 :: dtd2gtfs DEBUG :: [schedules] Step 14 / 30 517.590s: trips=86,347
2017-07-09 04:10:52 :: dtd2gtfs DEBUG :: [schedules] Step 15 / 30 558.558s: trips=92,811
2017-07-09 04:11:27 :: dtd2gtfs DEBUG :: [schedules] Step 16 / 30 594.519s: trips=98,684
2017-07-09 04:12:00 :: dtd2gtfs DEBUG :: [schedules] Step 17 / 30 626.479s: trips=106,506
2017-07-09 04:12:28 :: dtd2gtfs DEBUG :: [schedules] Step 18 / 30 655.436s: trips=114,419
2017-07-09 04:12:57 :: dtd2gtfs DEBUG :: [schedules] Step 19 / 30 684.396s: trips=118,419
2017-07-09 04:13:27 :: dtd2gtfs DEBUG :: [schedules] Step 20 / 30 714.357s: trips=122,751
2017-07-09 04:14:02 :: dtd2gtfs DEBUG :: [schedules] Step 21 / 30 749.321s: trips=127,123
2017-07-09 04:14:40 :: dtd2gtfs DEBUG :: [schedules] Step 22 / 30 787.286s: trips=132,695
2017-07-09 04:15:12 :: dtd2gtfs DEBUG :: [schedules] Step 23 / 30 819.249s: trips=136,799
2017-07-09 04:15:42 :: dtd2gtfs DEBUG :: [schedules] Step 24 / 30 849.212s: trips=144,811
2017-07-09 04:16:20 :: dtd2gtfs DEBUG :: [schedules] Step 25 / 30 886.177s: trips=151,479
2017-07-09 04:17:01 :: dtd2gtfs DEBUG :: [schedules] Step 26 / 30 928.143s: trips=157,937
2017-07-09 04:17:13 :: dtd2gtfs DEBUG :: Merging service timespans for 160276 gtfs.trips...
2017-07-09 04:17:41 :: dtd2gtfs DEBUG :: Updating service_id in gtfs.trips table...
2017-07-09 04:19:03 :: dtd2gtfs DEBUG :: [ALi] Stats:
2017-07-09 04:19:03 :: dtd2gtfs DEBUG :: [ALi]   sched-count: 214,874
2017-07-09 04:19:03 :: dtd2gtfs DEBUG :: [ALi]   sched-entry-N: 63,848
2017-07-09 04:19:03 :: dtd2gtfs DEBUG :: [ALi]   sched-entry-O: 76,871
2017-07-09 04:19:03 :: dtd2gtfs DEBUG :: [ALi]   sched-entry-P: 74,155
2017-07-09 04:19:03 :: dtd2gtfs DEBUG :: [ALi]   span-empty-sched: 9,951
2017-07-09 04:19:03 :: dtd2gtfs DEBUG :: [ALi]   span-overlay-part: 8,208
2017-07-09 04:19:03 :: dtd2gtfs DEBUG :: [ALi]   span-overlay-split: 29,530
2017-07-09 04:19:03 :: dtd2gtfs DEBUG :: [ALi]   span-overlay-total: 60
2017-07-09 04:19:03 :: dtd2gtfs DEBUG :: [ALi]   svc-count: 3,627
2017-07-09 04:19:03 :: dtd2gtfs DEBUG :: [ALi]   svc-dedup: 159,681
2017-07-09 04:19:03 :: dtd2gtfs DEBUG :: [ALi]   svc-except-days: 15,617
2017-07-09 04:19:03 :: dtd2gtfs DEBUG :: [ALi]   svc-merge: 34,192
2017-07-09 04:19:03 :: dtd2gtfs DEBUG :: [ALi]   svc-merge-op: 70,545
2017-07-09 04:19:03 :: dtd2gtfs DEBUG :: [ALi]   svc-merge-op-bridge: 55,262
2017-07-09 04:19:03 :: dtd2gtfs DEBUG :: [ALi]   svc-merge-op-inc_diff_weekdays: 3,902
2017-07-09 04:19:03 :: dtd2gtfs DEBUG :: [ALi]   svc-merge-op-overlap: 11,381
2017-07-09 04:19:03 :: dtd2gtfs DEBUG :: [ALi]   train-count: 128,842
2017-07-09 04:19:03 :: dtd2gtfs DEBUG :: [ALi]   train-override-median: 1.1
2017-07-09 04:19:03 :: dtd2gtfs DEBUG :: [ALi]   train-with-override: 85,020
2017-07-09 04:19:03 :: dtd2gtfs DEBUG :: [ALi]   trip-count: 160,276
2017-07-09 04:19:03 :: dtd2gtfs DEBUG :: [ALi]   trip-dedup: 44,647
2017-07-09 04:19:03 :: dtd2gtfs DEBUG :: [ALi]   trip-overlay: 37,473
2017-07-09 04:19:03 :: dtd2gtfs DEBUG :: [ALi]   trip-overlay-noop: 54,731
2017-07-09 04:19:03 :: dtd2gtfs DEBUG :: [ALi]   trip-row-dup: 2,590
2017-07-09 04:19:03 :: dtd2gtfs DEBUG :: [ALi]   trip-row-dup-op: 3,032
2017-07-09 04:19:03 :: dtd2gtfs DEBUG :: [ALi]   trip-spans-1: 157,686
./mysql-dtd-to-gtfs.py --debug --dst-gtfs-schema -d gtfs_py_full  426.50s user 119.43s system 48% cpu 18:38.20 total
